\BOOKMARK [1][-]{section.0.1}{\376\377\000I\000n\000t\000r\000o\000d\000u\000c\000c\000i\000\363\000n}{}% 1
\BOOKMARK [1][-]{section.0.2}{\376\377\000F\000u\000n\000d\000a\000m\000e\000n\000t\000o\000s\000\040\000t\000e\000\363\000r\000i\000c\000o\000s}{}% 2
\BOOKMARK [2][-]{subsection.0.2.1}{\376\377\000I\000n\000d\000i\000c\000a\000d\000o\000r\000e\000s\000\040\000d\000e\000\040\000p\000r\000o\000d\000u\000c\000c\000i\000\363\000n\000\040\000y\000\040\000c\000o\000s\000t\000o\000s}{section.0.2}% 3
\BOOKMARK [2][-]{subsection.0.2.2}{\376\377\000P\000u\000n\000t\000o\000s\000\040\000d\000e\000\040\000r\000e\000f\000e\000r\000e\000n\000c\000i\000a\000\040\000e\000c\000o\000n\000\363\000m\000i\000c\000o\000s}{section.0.2}% 4
\BOOKMARK [2][-]{subsection.0.2.3}{\376\377\000M\000\351\000t\000o\000d\000o\000s\000\040\000n\000u\000m\000\351\000r\000i\000c\000o\000s\000\040\000d\000e\000\040\000b\000\372\000s\000q\000u\000e\000d\000a\000\040\000d\000e\000\040\000r\000a\000\355\000c\000e\000s}{section.0.2}% 5
\BOOKMARK [0][-]{chapter.1}{\376\377\000I\000m\000p\000l\000e\000m\000e\000n\000t\000a\000c\000i\000\363\000n}{}% 6
\BOOKMARK [1][-]{section.1.1}{\376\377\000P\000u\000n\000t\000o\000\040\0001\000:\000\040\000D\000e\000t\000e\000r\000m\000i\000n\000a\000c\000i\000\363\000n\000\040\000d\000e\000\040\000C\000o\000s\000t\000o\000s\000.}{chapter.1}% 7
\BOOKMARK [2][-]{subsection.1.1.1}{\376\377\000C\000\363\000d\000i\000g\000o\000s\000:\000\040\000i\000m\000p\000o\000r\000t\000a\000c\000i\000\363\000n\000\040\000d\000e\000\040\000p\000a\000q\000u\000e\000t\000e\000s\000\040\000g\000e\000n\000e\000r\000a\000l\000e\000s}{section.1.1}% 8
\BOOKMARK [2][-]{subsection.1.1.2}{\376\377\000C\000\363\000d\000i\000g\000o\000s\000:\000\040\000P\000u\000n\000t\000o\000\040\0001}{section.1.1}% 9
\BOOKMARK [1][-]{section.1.2}{\376\377\000P\000u\000n\000t\000o\000\040\0002\000:\000\040\000C\000u\000r\000v\000a\000\040\000d\000e\000\040\000o\000f\000e\000r\000t\000a}{chapter.1}% 10
\BOOKMARK [2][-]{subsection.1.2.1}{\376\377\000C\000\363\000d\000i\000g\000o\000s\000\040\000P\000u\000n\000t\000o\000\040\0002}{section.1.2}% 11
\BOOKMARK [1][-]{section.1.3}{\376\377\000P\000u\000n\000t\000o\000\040\0003\000:\000\040\000B\000e\000n\000e\000f\000i\000c\000i\000o\000\040\000d\000e\000l\000\040\000p\000r\000o\000d\000u\000c\000t\000o\000r\000.}{chapter.1}% 12
\BOOKMARK [1][-]{section.1.4}{\376\377\000P\000u\000n\000t\000o\000\040\0003\000:\000\040\000B\000e\000n\000e\000f\000i\000c\000i\000o\000\040\000d\000e\000l\000\040\000p\000r\000o\000d\000u\000c\000t\000o\000r\000.}{chapter.1}% 13
\BOOKMARK [2][-]{subsection.1.4.1}{\376\377\000C\000\363\000d\000i\000g\000o\000:\000\040\000P\000u\000n\000t\000o\000\040\0003}{section.1.4}% 14
\BOOKMARK [1][-]{section.1.5}{\376\377\000P\000u\000n\000t\000o\000\040\0004\000:\000\040\000P\000r\000e\000c\000i\000o\000\040\000d\000e\000\040\000m\000e\000r\000c\000a\000d\000o\000\040\000d\000e\000\040\000l\000a\000\040\000b\000o\000l\000s\000a}{chapter.1}% 15
\BOOKMARK [2][-]{subsection.1.5.1}{\376\377\000C\000\363\000d\000i\000g\000o\000:\000\040\000P\000u\000n\000t\000o\000\040\0004}{section.1.5}% 16
\BOOKMARK [1][-]{section.1.6}{\376\377\000P\000u\000n\000t\000o\000\040\0005\000:\000\040\000C\000a\000n\000t\000i\000d\000a\000d\000\040\000d\000e\000\040\000b\000o\000l\000s\000a\000s\000\040\000a\000\040\000v\000e\000n\000d\000e\000r\000\040\000p\000a\000r\000a\000\040\000c\000u\000b\000r\000i\000r\000\040\000c\000o\000s\000t\000o\000s\000\040\000m\000e\000d\000i\000o\000s\000\040\000t\000o\000t\000a\000l\000e\000s}{chapter.1}% 17
\BOOKMARK [2][-]{subsection.1.6.1}{\376\377\000C\000\363\000d\000i\000g\000o\000:\000\040\000P\000u\000n\000t\000o\000\040\0005}{section.1.6}% 18
\BOOKMARK [0][-]{chapter.2}{\376\377\000R\000e\000s\000u\000l\000t\000a\000d\000o\000s}{}% 19
\BOOKMARK [1][-]{section.2.1}{\376\377\000P\000u\000n\000t\000o\000s\000\040\0001\000\040\000y\000\040\0002}{chapter.2}% 20
\BOOKMARK [1][-]{section.2.2}{\376\377\000P\000u\000n\000t\000o\000\040\0003}{chapter.2}% 21
\BOOKMARK [1][-]{section.2.3}{\376\377\000P\000u\000n\000t\000o\000\040\0004}{chapter.2}% 22
\BOOKMARK [1][-]{section.2.4}{\376\377\000P\000u\000n\000t\000o\000\040\0005}{chapter.2}% 23
\BOOKMARK [0][-]{chapter.3}{\376\377\000D\000i\000s\000c\000u\000s\000i\000\363\000n}{}% 24
\BOOKMARK [0][-]{appendix.Alph1}{\376\377\000A\000p\000\351\000n\000d\000i\000c\000e\000s}{}% 25
\BOOKMARK [1][-]{section.Alph1.1}{\376\377\000N\000o\000t\000e\000b\000o\000o\000k\000s\000\040\000d\000e\000\040\000C\000o\000l\000a\000b}{appendix.Alph1}% 26
\BOOKMARK [0][-]{appendix*.12}{\376\377\000B\000i\000b\000l\000i\000o\000g\000r\000a\000f\000\355\000a}{}% 27
